<?xml version="1.0" encoding="UTF-8"?>
<testng-results ignored="1" total="2" passed="1" failed="0" skipped="0">
  <reporter-output>
  </reporter-output>
  <suite started-at="2024-03-21T11:53:17 IST" name="Default suite" finished-at="2024-03-21T11:53:24 IST" duration-ms="6651">
    <groups>
    </groups>
    <test started-at="2024-03-21T11:53:17 IST" name="Default test" finished-at="2024-03-21T11:53:24 IST" duration-ms="6651">
      <class name="test.test101">
        <test-method is-config="true" signature="dbConnect()[pri:0, instance:test.test101@1a482e36]" started-at="2024-03-21T11:53:17 IST" name="dbConnect" finished-at="2024-03-21T11:53:17 IST" duration-ms="5" status="PASS">
          <reporter-output>
          </reporter-output>
        </test-method> <!-- dbConnect -->
        <test-method is-config="true" signature="configBC()[pri:0, instance:test.test101@1a482e36]" started-at="2024-03-21T11:53:17 IST" name="configBC" finished-at="2024-03-21T11:53:19 IST" duration-ms="1476" status="PASS">
          <reporter-output>
          </reporter-output>
        </test-method> <!-- configBC -->
        <test-method is-config="true" signature="configBM()[pri:0, instance:test.test101@1a482e36]" started-at="2024-03-21T11:53:19 IST" name="configBM" finished-at="2024-03-21T11:53:21 IST" duration-ms="2409" status="PASS">
          <reporter-output>
          </reporter-output>
        </test-method> <!-- configBM -->
        <test-method signature="login()[pri:0, instance:test.test101@1a482e36]" started-at="2024-03-21T11:53:21 IST" name="login" finished-at="2024-03-21T11:53:24 IST" duration-ms="2745" status="PASS">
          <reporter-output>
          </reporter-output>
        </test-method> <!-- login -->
        <test-method is-config="true" signature="configAM()[pri:0, instance:test.test101@1a482e36]" started-at="2024-03-21T11:53:24 IST" name="configAM" finished-at="2024-03-21T11:53:24 IST" duration-ms="1" status="PASS">
          <reporter-output>
          </reporter-output>
        </test-method> <!-- configAM -->
        <test-method is-config="true" signature="configAC()[pri:0, instance:test.test101@1a482e36]" started-at="2024-03-21T11:53:24 IST" name="configAC" finished-at="2024-03-21T11:53:24 IST" duration-ms="1" status="PASS">
          <reporter-output>
          </reporter-output>
        </test-method> <!-- configAC -->
        <test-method is-config="true" signature="configAS()[pri:0, instance:test.test101@1a482e36]" started-at="2024-03-21T11:53:24 IST" name="configAS" finished-at="2024-03-21T11:53:24 IST" duration-ms="0" status="PASS">
          <reporter-output>
          </reporter-output>
        </test-method> <!-- configAS -->
      </class> <!-- test.test101 -->
    </test> <!-- Default test -->
  </suite> <!-- Default suite -->
</testng-results>
